<?xml version="1.0" encoding="UTF-8"?>
<testsuite xmlns:xsi="http://www.w3.org/2001/XMLSchema-instance" xsi:noNamespaceSchemaLocation="https://maven.apache.org/surefire/maven-surefire-plugin/xsd/surefire-test-report.xsd" name="BasicUnitTests" time="0" tests="2" errors="0" skipped="0" failures="0">
  <properties>
    <property name="sun.desktop" value="gnome"/>
    <property name="awt.toolkit" value="sun.awt.X11.XToolkit"/>
    <property name="java.specification.version" value="10"/>
    <property name="file.encoding.pkg" value="sun.io"/>
    <property name="sun.cpu.isalist" value=""/>
    <property name="sun.jnu.encoding" value="UTF-8"/>
    <property name="java.class.path" value="/homes/fh4417/Wacc/wacc_12/wacc_12/target/test-classes:/homes/fh4417/Wacc/wacc_12/wacc_12/target/classes:/homes/fh4417/.m2/repository/junit/junit/4.12/junit-4.12.jar:/homes/fh4417/.m2/repository/org/hamcrest/hamcrest-core/1.3/hamcrest-core-1.3.jar:/homes/fh4417/.m2/repository/org/antlr/antlr4/4.7.2/antlr4-4.7.2.jar:/homes/fh4417/.m2/repository/org/antlr/antlr4-runtime/4.7.2/antlr4-runtime-4.7.2.jar:/homes/fh4417/.m2/repository/org/antlr/antlr-runtime/3.5.2/antlr-runtime-3.5.2.jar:/homes/fh4417/.m2/repository/org/antlr/ST4/4.1/ST4-4.1.jar:/homes/fh4417/.m2/repository/org/abego/treelayout/org.abego.treelayout.core/1.0.3/org.abego.treelayout.core-1.0.3.jar:/homes/fh4417/.m2/repository/org/glassfish/javax.json/1.0.4/javax.json-1.0.4.jar:/homes/fh4417/.m2/repository/com/ibm/icu/icu4j/61.1/icu4j-61.1.jar:"/>
    <property name="java.vm.vendor" value="&quot;Oracle Corporation&quot;"/>
    <property name="sun.arch.data.model" value="64"/>
    <property name="java.vendor.url" value="http://java.oracle.com/"/>
    <property name="user.timezone" value=""/>
    <property name="java.vm.specification.version" value="10"/>
    <property name="os.name" value="Linux"/>
    <property name="sun.java.launcher" value="SUN_STANDARD"/>
    <property name="user.country" value="GB"/>
    <property name="sun.boot.library.path" value="/usr/lib/jvm/oracle-java10-jdk-amd64/lib"/>
    <property name="sun.java.command" value="/homes/fh4417/Wacc/wacc_12/wacc_12/target/surefire/surefirebooter3882061966511906805.jar /homes/fh4417/Wacc/wacc_12/wacc_12/target/surefire 2019-01-31T13-34-49_917-jvmRun1 surefire7005124706764896765tmp surefire_017909064311985163705tmp"/>
    <property name="jdk.debug" value="release"/>
    <property name="surefire.test.class.path" value="/homes/fh4417/Wacc/wacc_12/wacc_12/target/test-classes:/homes/fh4417/Wacc/wacc_12/wacc_12/target/classes:/homes/fh4417/.m2/repository/junit/junit/4.12/junit-4.12.jar:/homes/fh4417/.m2/repository/org/hamcrest/hamcrest-core/1.3/hamcrest-core-1.3.jar:/homes/fh4417/.m2/repository/org/antlr/antlr4/4.7.2/antlr4-4.7.2.jar:/homes/fh4417/.m2/repository/org/antlr/antlr4-runtime/4.7.2/antlr4-runtime-4.7.2.jar:/homes/fh4417/.m2/repository/org/antlr/antlr-runtime/3.5.2/antlr-runtime-3.5.2.jar:/homes/fh4417/.m2/repository/org/antlr/ST4/4.1/ST4-4.1.jar:/homes/fh4417/.m2/repository/org/abego/treelayout/org.abego.treelayout.core/1.0.3/org.abego.treelayout.core-1.0.3.jar:/homes/fh4417/.m2/repository/org/glassfish/javax.json/1.0.4/javax.json-1.0.4.jar:/homes/fh4417/.m2/repository/com/ibm/icu/icu4j/61.1/icu4j-61.1.jar:"/>
    <property name="sun.cpu.endian" value="little"/>
    <property name="user.home" value="/homes/fh4417"/>
    <property name="user.language" value="en"/>
    <property name="java.specification.vendor" value="Oracle Corporation"/>
    <property name="java.version.date" value="2018-07-17"/>
    <property name="java.home" value="/usr/lib/jvm/oracle-java10-jdk-amd64"/>
    <property name="file.separator" value="/"/>
    <property name="basedir" value="/homes/fh4417/Wacc/wacc_12/wacc_12"/>
    <property name="java.vm.compressedOopsMode" value="Zero based"/>
    <property name="line.separator" value="&#10;"/>
    <property name="java.specification.name" value="Java Platform API Specification"/>
    <property name="java.vm.specification.vendor" value="Oracle Corporation"/>
    <property name="java.awt.graphicsenv" value="sun.awt.X11GraphicsEnvironment"/>
    <property name="surefire.real.class.path" value="/homes/fh4417/Wacc/wacc_12/wacc_12/target/surefire/surefirebooter3882061966511906805.jar"/>
    <property name="sun.management.compiler" value="HotSpot 64-Bit Tiered Compilers"/>
    <property name="java.runtime.version" value="10.0.2+13"/>
    <property name="user.name" value="fh4417"/>
    <property name="path.separator" value=":"/>
    <property name="os.version" value="4.15.0-43-generic"/>
    <property name="java.runtime.name" value="Java(TM) SE Runtime Environment"/>
    <property name="file.encoding" value="UTF-8"/>
    <property name="java.vm.name" value="Java HotSpot(TM) 64-Bit Server VM"/>
    <property name="java.vendor.version" value="18.3"/>
    <property name="localRepository" value="/homes/fh4417/.m2/repository"/>
    <property name="java.vendor.url.bug" value="http://bugreport.java.com/bugreport/"/>
    <property name="java.io.tmpdir" value="/tmp"/>
    <property name="java.version" value="10.0.2"/>
    <property name="user.dir" value="/homes/fh4417/Wacc/wacc_12/wacc_12"/>
    <property name="os.arch" value="amd64"/>
    <property name="groups" value="Basic"/>
    <property name="java.vm.specification.name" value="Java Virtual Machine Specification"/>
    <property name="java.awt.printerjob" value="sun.print.PSPrinterJob"/>
    <property name="sun.os.patch.level" value="unknown"/>
    <property name="java.library.path" value="/usr/java/packages/lib:/usr/lib64:/lib64:/lib:/usr/lib"/>
    <property name="java.vendor" value="Oracle Corporation"/>
    <property name="java.vm.info" value="mixed mode"/>
    <property name="java.vm.version" value="10.0.2+13"/>
    <property name="sun.io.unicode.encoding" value="UnicodeLittle"/>
    <property name="java.class.version" value="54.0"/>
  </properties>
  <testcase name="basicWACCProgram" classname="BasicUnitTests" time="0"/>
  <testcase name="anotherBasicWaccProgram" classname="BasicUnitTests" time="0"/>
</testsuite>